<?xml version="1.0" encoding="UTF-8"?>
<testsuite xmlns:xsi="http://www.w3.org/2001/XMLSchema-instance" xsi:noNamespaceSchemaLocation="https://maven.apache.org/surefire/maven-surefire-plugin/xsd/surefire-test-report-3.0.xsd" version="3.0" name="com.ModuloEnvio.Envio.EnvioApplicationTests" time="5.206" tests="10" errors="0" skipped="0" failures="0">
  <properties>
[...]
</properties>
  <testcase name="verificarEliminarCarritoDetalle" classname="com.ModuloEnvio.Envio.EnvioApplicationTests" time="0.665">
    <system-out><![CDATA[12:03:07.399 [main] INFO org.springframework.test.context.support.AnnotationConfigContextLoaderUtils -- Could not detect default configuration classes for test class [com.ModuloEnvio.Envio.EnvioApplicationTests]: EnvioApplicationTests does not declare any static, non-private, non-final, nested classes annotated with @Configuration.
12:03:07.517 [main] INFO org.springframework.boot.test.context.SpringBootTestContextBootstrapper -- Found @SpringBootConfiguration com.EnvioApplication for test class com.ModuloEnvio.Envio.EnvioApplicationTests

  .   ____          _            __ _ _
 /\\ / ___'_ __ _ _(_)_ __  __ _ \ \ \ \
( ( )\___ | '_ | '_| | '_ \/ _` | \ \ \ \
 \\/  ___)| |_)| | | | | || (_| |  ) ) ) )
  '  |____| .__|_| |_|_| |_\__, | / / / /
 =========|_|==============|___/=/_/_/_/
 :: Spring Boot ::                (v3.1.0)

2023-10-05T12:03:07.902-03:00  INFO 15624 --- [           main] c.M.Envio.EnvioApplicationTests          : Starting EnvioApplicationTests using Java 17.0.8.1 with PID 15624 (started by ciro.tello in C:\Users\ciro.tello\Desktop\Ing.Software)
2023-10-05T12:03:07.904-03:00  INFO 15624 --- [           main] c.M.Envio.EnvioApplicationTests          : No active profile set, falling back to 1 default profile: "default"
2023-10-05T12:03:09.544-03:00  INFO 15624 --- [           main] .s.d.r.c.RepositoryConfigurationDelegate : Bootstrapping Spring Data JPA repositories in DEFAULT mode.
2023-10-05T12:03:09.751-03:00  INFO 15624 --- [           main] .s.d.r.c.RepositoryConfigurationDelegate : Finished Spring Data repository scanning in 200 ms. Found 0 JPA repository interfaces.
2023-10-05T12:03:10.146-03:00  INFO 15624 --- [           main] com.zaxxer.hikari.HikariDataSource       : HikariPool-1 - Starting...
2023-10-05T12:03:10.328-03:00  INFO 15624 --- [           main] com.zaxxer.hikari.pool.HikariPool        : HikariPool-1 - Added connection conn0: url=jdbc:h2:mem:testdb user=SA
2023-10-05T12:03:10.330-03:00  INFO 15624 --- [           main] com.zaxxer.hikari.HikariDataSource       : HikariPool-1 - Start completed.
2023-10-05T12:03:10.376-03:00  INFO 15624 --- [           main] o.hibernate.jpa.internal.util.LogHelper  : HHH000204: Processing PersistenceUnitInfo [name: default]
2023-10-05T12:03:10.434-03:00  INFO 15624 --- [           main] org.hibernate.Version                    : HHH000412: Hibernate ORM core version 6.2.2.Final
2023-10-05T12:03:10.436-03:00  INFO 15624 --- [           main] org.hibernate.cfg.Environment            : HHH000406: Using bytecode reflection optimizer
2023-10-05T12:03:10.621-03:00  INFO 15624 --- [           main] o.h.b.i.BytecodeProviderInitiator        : HHH000021: Bytecode provider name : bytebuddy
2023-10-05T12:03:10.760-03:00  INFO 15624 --- [           main] o.s.o.j.p.SpringPersistenceUnitInfo      : No LoadTimeWeaver setup: ignoring JPA class transformer
2023-10-05T12:03:10.798-03:00  INFO 15624 --- [           main] org.hibernate.orm.dialect                : HHH035001: Using dialect: org.hibernate.dialect.H2Dialect, version: 2.1.214
2023-10-05T12:03:10.897-03:00  INFO 15624 --- [           main] o.h.b.i.BytecodeProviderInitiator        : HHH000021: Bytecode provider name : bytebuddy
2023-10-05T12:03:11.092-03:00  INFO 15624 --- [           main] o.h.e.t.j.p.i.JtaPlatformInitiator       : HHH000490: Using JtaPlatform implementation: [org.hibernate.engine.transaction.jta.platform.internal.NoJtaPlatform]
2023-10-05T12:03:11.097-03:00  INFO 15624 --- [           main] j.LocalContainerEntityManagerFactoryBean : Initialized JPA EntityManagerFactory for persistence unit 'default'
2023-10-05T12:03:11.250-03:00  WARN 15624 --- [           main] JpaBaseConfiguration$JpaWebConfiguration : spring.jpa.open-in-view is enabled by default. Therefore, database queries may be performed during view rendering. Explicitly configure spring.jpa.open-in-view to disable this warning
2023-10-05T12:03:11.700-03:00  INFO 15624 --- [           main] o.s.b.a.h2.H2ConsoleAutoConfiguration    : H2 console available at '/h2-console'. Database available at 'jdbc:h2:mem:testdb'
2023-10-05T12:03:11.747-03:00  INFO 15624 --- [           main] c.M.Envio.EnvioApplicationTests          : Started EnvioApplicationTests in 4.107 seconds (process running for 5.158)
]]></system-out>
  </testcase>
  <testcase name="verificarMinimaCantidadCarritoDetalle" classname="com.ModuloEnvio.Envio.EnvioApplicationTests" time="0.002"/>
  <testcase name="verificarAceptarSolicitud" classname="com.ModuloEnvio.Envio.EnvioApplicationTests" time="0.003"/>
  <testcase name="verificarAñadirCarritoDetalle" classname="com.ModuloEnvio.Envio.EnvioApplicationTests" time="0.002"/>
  <testcase name="verificarOrigenDestino" classname="com.ModuloEnvio.Envio.EnvioApplicationTests" time="0.002"/>
  <testcase name="verificarGetProducto" classname="com.ModuloEnvio.Envio.EnvioApplicationTests" time="0.003"/>
  <testcase name="verificarExistenciaClaseProducto" classname="com.ModuloEnvio.Envio.EnvioApplicationTests" time="0.004"/>
  <testcase name="verificarTipoCiudadDestino" classname="com.ModuloEnvio.Envio.EnvioApplicationTests" time="0.002"/>
  <testcase name="contextLoads" classname="com.ModuloEnvio.Envio.EnvioApplicationTests" time="0.001"/>
  <testcase name="verificarIncrementoCarritoDetalle" classname="com.ModuloEnvio.Envio.EnvioApplicationTests" time="0.001"/>
</testsuite>